inserting 8
inserting 8
inserting 8
inserting 8
inserting 8
inserting 8
inserting 0
inserting 90
inserting 90
inserting 90
inserting 90
inserting 90
inserting 0
inserting 0
inserting 35
inserting 35
inserting 35
inserting 35
inserting 35
inserting 5
inserting 0
inserting 78
inserting 78
inserting 78
inserting 78
inserting 78
inserting 8
inserting 0
inserting 91
inserting 91
inserting 91
inserting 91
inserting 91
inserting 1
inserting 0
2014
2031
inserting 27
inserting 27
inserting 27
inserting 27
inserting 27
inserting 7
inserting 0
inserting 29
inserting 29
inserting 29
inserting 29
inserting 29
inserting 9
inserting 0
inserting 51
inserting 51
inserting 51
inserting 51
inserting 51
inserting 1
inserting 0
2091
2104
inserting 56
inserting 56
inserting 56
inserting 56
inserting 56
inserting 6
inserting 0
inserting 65
inserting 65
inserting 65
inserting 65
inserting 65
inserting 5
inserting 0
2131
2138
2138
inserting 72
inserting 72
inserting 72
inserting 72
inserting 72
inserting 2
inserting 0
2197
inserting 62
inserting 62
inserting 62
inserting 62
inserting 62
inserting 2
inserting 0
2253
2283
2299
2343
2378
2414
2445
2484
2520
2559
2603
2625
2692
2723
2765
2818
2831
2905
2937
2971
2988
3002
3006
3046
3119
3162
inserting 25
inserting 25
inserting 25
inserting 25
inserting 25
inserting 5
inserting 0
3203
inserting 12
inserting 12
inserting 12
inserting 12
inserting 12
inserting 2
inserting 0
3243
inserting 73
inserting 73
inserting 73
inserting 73
inserting 73
inserting 3
inserting 0
3284
inserting 50
inserting 50
inserting 50
inserting 50
inserting 50
inserting 0
inserting 0
inserting 82
inserting 82
inserting 82
inserting 82
inserting 82
inserting 2
inserting 0
3340
3342
3363
3372
inserting 53
inserting 53
inserting 53
inserting 53
inserting 53
inserting 3
inserting 0
3425
inserting 52
inserting 52
inserting 52
inserting 52
inserting 52
inserting 2
inserting 0
inserting 67
inserting 67
inserting 67
inserting 67
inserting 67
inserting 7
inserting 0
3453
3462
inserting 55
inserting 55
inserting 55
inserting 55
inserting 55
inserting 5
inserting 0
inserting 74
inserting 74
inserting 74
inserting 74
inserting 74
inserting 4
inserting 0
inserting 83
inserting 83
inserting 83
inserting 83
inserting 83
inserting 3
inserting 0
3502
inserting 64
inserting 64
inserting 64
inserting 64
inserting 64
inserting 4
inserting 0
inserting 77
inserting 77
inserting 77
inserting 77
inserting 77
inserting 7
inserting 0
3518
3545
3555
inserting 28
inserting 28
inserting 28
inserting 28
inserting 28
inserting 8
inserting 0
3561
3566
3573
3577
3585
inserting 66
inserting 66
inserting 66
inserting 66
inserting 66
inserting 6
inserting 0
3613
3621
inserting 13
inserting 13
inserting 13
inserting 13
inserting 13
inserting 3
inserting 0
inserting 33
inserting 33
inserting 33
inserting 33
inserting 33
inserting 3
inserting 0
inserting 48
inserting 48
inserting 48
inserting 48
inserting 48
inserting 8
inserting 0
3658
3659
3701
inserting 45
inserting 45
inserting 45
inserting 45
inserting 45
inserting 5
inserting 0
3723
inserting 39
inserting 39
inserting 39
inserting 39
inserting 39
inserting 9
inserting 0
3750
3753
3761
inserting 40
inserting 40
inserting 40
inserting 40
inserting 40
inserting 0
inserting 0
inserting 43
inserting 43
inserting 43
inserting 43
inserting 43
inserting 3
inserting 0
inserting 44
inserting 44
inserting 44
inserting 44
inserting 44
inserting 4
inserting 0
3776
inserting 23
inserting 23
inserting 23
inserting 23
inserting 23
inserting 3
inserting 0
inserting 24
inserting 24
inserting 24
inserting 24
inserting 24
inserting 4
inserting 0
inserting 49
inserting 49
inserting 49
inserting 49
inserting 49
inserting 9
inserting 0
3806
3822
3838
3860
3895
inserting 59
inserting 59
inserting 59
inserting 59
inserting 59
inserting 9
inserting 0
3932
inserting 7
inserting 7
inserting 7
inserting 7
inserting 7
inserting 7
inserting 0
inserting 34
inserting 34
inserting 34
inserting 34
inserting 34
inserting 4
inserting 0
inserting 37
inserting 37
inserting 37
inserting 37
inserting 37
inserting 7
inserting 0
3957
inserting 63
inserting 63
inserting 63
inserting 63
inserting 63
inserting 3
inserting 0
3973
inserting 38
inserting 38
inserting 38
inserting 38
inserting 38
inserting 8
inserting 0
3987
4020
4067
4072
4103
4129
4151
4183
4193
4201
4201
4242
4254
4266
4304
4317
4326
4360
4401
4410
4424
4432
4445
4456
4479
4487
4489
4528
4556
